2014-02-12 10:48:49 Error: Fatal Error (64): require_once() [<a href='http://php.net/function.require'>function.require</a>]: Failed opening required 'update.php' (include_path='/Applications/XAMPP/xamppfiles/htdocs/voiceground/lib:.:/Applications/XAMPP/xamppfiles/lib/php:/Applications/XAMPP/xamppfiles/lib/php/pear') in [/Applications/XAMPP/xamppfiles/htdocs/voiceground/app/View/Home/index.ctp, line 83]
2014-02-12 10:48:49 Error: [FatalErrorException] require_once() [<a href='http://php.net/function.require'>function.require</a>]: Failed opening required 'update.php' (include_path='/Applications/XAMPP/xamppfiles/htdocs/voiceground/lib:.:/Applications/XAMPP/xamppfiles/lib/php:/Applications/XAMPP/xamppfiles/lib/php/pear')
Request URL: /voiceground/home
Stack Trace:
#0 /Applications/XAMPP/xamppfiles/htdocs/voiceground/lib/Cake/Error/ErrorHandler.php(184): ErrorHandler::handleFatalError(64, 'require_once() ...', '/Applications/X...', 83)
#1 [internal function]: ErrorHandler::handleError(64, 'require_once() ...', '/Applications/X...', 83, Array)
#2 /Applications/XAMPP/xamppfiles/htdocs/voiceground/lib/Cake/Core/App.php(931): call_user_func('ErrorHandler::h...', 64, 'require_once() ...', '/Applications/X...', 83, Array)
#3 /Applications/XAMPP/xamppfiles/htdocs/voiceground/lib/Cake/Core/App.php(904): App::_checkFatalError()
#4 [internal function]: App::shutdown()
#5 {main}
2014-02-12 10:49:48 Error: [MissingLayoutException] Layout file "/Applications/XAMPP/xamppfiles/htdocs/voiceground/app/View/Layouts/template.ctp" is missing.
Exception Attributes: array (
  'file' => '/Applications/XAMPP/xamppfiles/htdocs/voiceground/app/View/Layouts/template.ctp',
)
Request URL: /voiceground/home
Stack Trace:
#0 /Applications/XAMPP/xamppfiles/htdocs/voiceground/lib/Cake/View/View.php(509): View->_getLayoutFileName('template')
#1 /Applications/XAMPP/xamppfiles/htdocs/voiceground/lib/Cake/View/View.php(479): View->renderLayout('', 'template')
#2 /Applications/XAMPP/xamppfiles/htdocs/voiceground/lib/Cake/Controller/Controller.php(952): View->render(NULL, NULL)
#3 /Applications/XAMPP/xamppfiles/htdocs/voiceground/lib/Cake/Routing/Dispatcher.php(194): Controller->render()
#4 /Applications/XAMPP/xamppfiles/htdocs/voiceground/lib/Cake/Routing/Dispatcher.php(162): Dispatcher->_invoke(Object(HomeController), Object(CakeRequest), Object(CakeResponse))
#5 /Applications/XAMPP/xamppfiles/htdocs/voiceground/app/webroot/index.php(110): Dispatcher->dispatch(Object(CakeRequest), Object(CakeResponse))
#6 {main}
2014-02-12 10:50:01 Error: [MissingControllerException] Controller class JsController could not be found.
Exception Attributes: array (
  'class' => 'JsController',
  'plugin' => NULL,
)
Request URL: /voiceground/js/main.js
Stack Trace:
#0 /Applications/XAMPP/xamppfiles/htdocs/voiceground/app/webroot/index.php(110): Dispatcher->dispatch(Object(CakeRequest), Object(CakeResponse))
#1 {main}
2014-02-12 10:50:01 Error: [MissingControllerException] Controller class JsController could not be found.
Exception Attributes: array (
  'class' => 'JsController',
  'plugin' => NULL,
)
Request URL: /voiceground/js/vendor/modernizr-2.6.2-respond-1.1.0.min.js
Stack Trace:
#0 /Applications/XAMPP/xamppfiles/htdocs/voiceground/app/webroot/index.php(110): Dispatcher->dispatch(Object(CakeRequest), Object(CakeResponse))
#1 {main}
2014-02-12 10:51:51 Error: [MissingControllerException] Controller class JsController could not be found.
Exception Attributes: array (
  'class' => 'JsController',
  'plugin' => NULL,
)
Request URL: /voiceground/js/main.js
Stack Trace:
#0 /Applications/XAMPP/xamppfiles/htdocs/voiceground/app/webroot/index.php(110): Dispatcher->dispatch(Object(CakeRequest), Object(CakeResponse))
#1 {main}
2014-02-12 10:55:09 Error: [MissingControllerException] Controller class JsController could not be found.
Exception Attributes: array (
  'class' => 'JsController',
  'plugin' => NULL,
)
Request URL: /voiceground/js/main.js
Stack Trace:
#0 /Applications/XAMPP/xamppfiles/htdocs/voiceground/app/webroot/index.php(110): Dispatcher->dispatch(Object(CakeRequest), Object(CakeResponse))
#1 {main}
2014-02-12 10:58:13 Error: [MissingControllerException] Controller class JsController could not be found.
Exception Attributes: array (
  'class' => 'JsController',
  'plugin' => NULL,
)
Request URL: /voiceground/js/main.js
Stack Trace:
#0 /Applications/XAMPP/xamppfiles/htdocs/voiceground/app/webroot/index.php(110): Dispatcher->dispatch(Object(CakeRequest), Object(CakeResponse))
#1 {main}
2014-02-12 10:58:15 Error: [MissingControllerException] Controller class JsController could not be found.
Exception Attributes: array (
  'class' => 'JsController',
  'plugin' => NULL,
)
Request URL: /voiceground/js/main.js
Stack Trace:
#0 /Applications/XAMPP/xamppfiles/htdocs/voiceground/app/webroot/index.php(110): Dispatcher->dispatch(Object(CakeRequest), Object(CakeResponse))
#1 {main}
2014-02-12 11:09:27 Error: [MissingControllerException] Controller class JsController could not be found.
Exception Attributes: array (
  'class' => 'JsController',
  'plugin' => NULL,
)
Request URL: /voiceground/js/main.js
Stack Trace:
#0 /Applications/XAMPP/xamppfiles/htdocs/voiceground/app/webroot/index.php(110): Dispatcher->dispatch(Object(CakeRequest), Object(CakeResponse))
#1 {main}
2014-02-12 11:10:03 Error: [MissingControllerException] Controller class JsController could not be found.
Exception Attributes: array (
  'class' => 'JsController',
  'plugin' => NULL,
)
Request URL: /voiceground/js/main.js
Stack Trace:
#0 /Applications/XAMPP/xamppfiles/htdocs/voiceground/app/webroot/index.php(110): Dispatcher->dispatch(Object(CakeRequest), Object(CakeResponse))
#1 {main}
2014-02-12 11:27:57 Error: [MissingControllerException] Controller class JsController could not be found.
Exception Attributes: array (
  'class' => 'JsController',
  'plugin' => NULL,
)
Request URL: /voiceground/js/main.js
Stack Trace:
#0 /Applications/XAMPP/xamppfiles/htdocs/voiceground/app/webroot/index.php(110): Dispatcher->dispatch(Object(CakeRequest), Object(CakeResponse))
#1 {main}
2014-02-12 11:27:59 Error: [MissingControllerException] Controller class JsController could not be found.
Exception Attributes: array (
  'class' => 'JsController',
  'plugin' => NULL,
)
Request URL: /voiceground/js/main.js
Stack Trace:
#0 /Applications/XAMPP/xamppfiles/htdocs/voiceground/app/webroot/index.php(110): Dispatcher->dispatch(Object(CakeRequest), Object(CakeResponse))
#1 {main}
2014-02-12 11:32:29 Error: [MissingControllerException] Controller class JsController could not be found.
Exception Attributes: array (
  'class' => 'JsController',
  'plugin' => NULL,
)
Request URL: /voiceground/js/main.js
Stack Trace:
#0 /Applications/XAMPP/xamppfiles/htdocs/voiceground/app/webroot/index.php(110): Dispatcher->dispatch(Object(CakeRequest), Object(CakeResponse))
#1 {main}
2014-02-12 11:32:45 Error: [MissingControllerException] Controller class JsController could not be found.
Exception Attributes: array (
  'class' => 'JsController',
  'plugin' => NULL,
)
Request URL: /voiceground/js/main.js
Stack Trace:
#0 /Applications/XAMPP/xamppfiles/htdocs/voiceground/app/webroot/index.php(110): Dispatcher->dispatch(Object(CakeRequest), Object(CakeResponse))
#1 {main}
2014-02-12 11:32:52 Error: [MissingControllerException] Controller class JsController could not be found.
Exception Attributes: array (
  'class' => 'JsController',
  'plugin' => NULL,
)
Request URL: /voiceground/js/main.js
Stack Trace:
#0 /Applications/XAMPP/xamppfiles/htdocs/voiceground/app/webroot/index.php(110): Dispatcher->dispatch(Object(CakeRequest), Object(CakeResponse))
#1 {main}
2014-02-12 11:33:03 Error: [MissingControllerException] Controller class JsController could not be found.
Exception Attributes: array (
  'class' => 'JsController',
  'plugin' => NULL,
)
Request URL: /voiceground/js/main.js
Stack Trace:
#0 /Applications/XAMPP/xamppfiles/htdocs/voiceground/app/webroot/index.php(110): Dispatcher->dispatch(Object(CakeRequest), Object(CakeResponse))
#1 {main}
2014-02-12 11:33:05 Error: [MissingControllerException] Controller class JsController could not be found.
Exception Attributes: array (
  'class' => 'JsController',
  'plugin' => NULL,
)
Request URL: /voiceground/js/main.js
Stack Trace:
#0 /Applications/XAMPP/xamppfiles/htdocs/voiceground/app/webroot/index.php(110): Dispatcher->dispatch(Object(CakeRequest), Object(CakeResponse))
#1 {main}
2014-02-12 11:33:15 Error: [MissingControllerException] Controller class JsController could not be found.
Exception Attributes: array (
  'class' => 'JsController',
  'plugin' => NULL,
)
Request URL: /voiceground/js/main.js
Stack Trace:
#0 /Applications/XAMPP/xamppfiles/htdocs/voiceground/app/webroot/index.php(110): Dispatcher->dispatch(Object(CakeRequest), Object(CakeResponse))
#1 {main}
2014-02-12 11:36:33 Error: [MissingControllerException] Controller class JsController could not be found.
Exception Attributes: array (
  'class' => 'JsController',
  'plugin' => NULL,
)
Request URL: /voiceground/js/main.js
Stack Trace:
#0 /Applications/XAMPP/xamppfiles/htdocs/voiceground/app/webroot/index.php(110): Dispatcher->dispatch(Object(CakeRequest), Object(CakeResponse))
#1 {main}
2014-02-12 11:36:39 Error: [MissingControllerException] Controller class JsController could not be found.
Exception Attributes: array (
  'class' => 'JsController',
  'plugin' => NULL,
)
Request URL: /voiceground/js/main.js
Stack Trace:
#0 /Applications/XAMPP/xamppfiles/htdocs/voiceground/app/webroot/index.php(110): Dispatcher->dispatch(Object(CakeRequest), Object(CakeResponse))
#1 {main}
2014-02-12 11:36:47 Error: [MissingControllerException] Controller class JsController could not be found.
Exception Attributes: array (
  'class' => 'JsController',
  'plugin' => NULL,
)
Request URL: /voiceground/js/main.js
Stack Trace:
#0 /Applications/XAMPP/xamppfiles/htdocs/voiceground/app/webroot/index.php(110): Dispatcher->dispatch(Object(CakeRequest), Object(CakeResponse))
#1 {main}
2014-02-12 11:40:24 Error: [MissingControllerException] Controller class JsController could not be found.
Exception Attributes: array (
  'class' => 'JsController',
  'plugin' => NULL,
)
Request URL: /voiceground/js/main.js
Stack Trace:
#0 /Applications/XAMPP/xamppfiles/htdocs/voiceground/app/webroot/index.php(110): Dispatcher->dispatch(Object(CakeRequest), Object(CakeResponse))
#1 {main}
2014-02-12 11:40:40 Error: [MissingControllerException] Controller class JsController could not be found.
Exception Attributes: array (
  'class' => 'JsController',
  'plugin' => NULL,
)
Request URL: /voiceground/js/main.js
Stack Trace:
#0 /Applications/XAMPP/xamppfiles/htdocs/voiceground/app/webroot/index.php(110): Dispatcher->dispatch(Object(CakeRequest), Object(CakeResponse))
#1 {main}
2014-02-12 11:40:53 Error: [MissingControllerException] Controller class JsController could not be found.
Exception Attributes: array (
  'class' => 'JsController',
  'plugin' => NULL,
)
Request URL: /voiceground/js/main.js
Stack Trace:
#0 /Applications/XAMPP/xamppfiles/htdocs/voiceground/app/webroot/index.php(110): Dispatcher->dispatch(Object(CakeRequest), Object(CakeResponse))
#1 {main}
2014-02-12 11:40:59 Error: [MissingControllerException] Controller class JsController could not be found.
Exception Attributes: array (
  'class' => 'JsController',
  'plugin' => NULL,
)
Request URL: /voiceground/js/main.js
Stack Trace:
#0 /Applications/XAMPP/xamppfiles/htdocs/voiceground/app/webroot/index.php(110): Dispatcher->dispatch(Object(CakeRequest), Object(CakeResponse))
#1 {main}
2014-02-12 11:41:07 Error: [MissingControllerException] Controller class JsController could not be found.
Exception Attributes: array (
  'class' => 'JsController',
  'plugin' => NULL,
)
Request URL: /voiceground/js/main.js
Stack Trace:
#0 /Applications/XAMPP/xamppfiles/htdocs/voiceground/app/webroot/index.php(110): Dispatcher->dispatch(Object(CakeRequest), Object(CakeResponse))
#1 {main}
2014-02-12 11:41:18 Error: [MissingControllerException] Controller class JsController could not be found.
Exception Attributes: array (
  'class' => 'JsController',
  'plugin' => NULL,
)
Request URL: /voiceground/js/main.js
Stack Trace:
#0 /Applications/XAMPP/xamppfiles/htdocs/voiceground/app/webroot/index.php(110): Dispatcher->dispatch(Object(CakeRequest), Object(CakeResponse))
#1 {main}
2014-02-12 11:45:04 Error: [MissingControllerException] Controller class JsController could not be found.
Exception Attributes: array (
  'class' => 'JsController',
  'plugin' => NULL,
)
Request URL: /voiceground/js/main.js
Stack Trace:
#0 /Applications/XAMPP/xamppfiles/htdocs/voiceground/app/webroot/index.php(110): Dispatcher->dispatch(Object(CakeRequest), Object(CakeResponse))
#1 {main}
2014-02-12 11:45:19 Error: [MissingControllerException] Controller class JsController could not be found.
Exception Attributes: array (
  'class' => 'JsController',
  'plugin' => NULL,
)
Request URL: /voiceground/js/main.js
Stack Trace:
#0 /Applications/XAMPP/xamppfiles/htdocs/voiceground/app/webroot/index.php(110): Dispatcher->dispatch(Object(CakeRequest), Object(CakeResponse))
#1 {main}
2014-02-12 11:45:33 Error: [MissingControllerException] Controller class JsController could not be found.
Exception Attributes: array (
  'class' => 'JsController',
  'plugin' => NULL,
)
Request URL: /voiceground/js/main.js
Stack Trace:
#0 /Applications/XAMPP/xamppfiles/htdocs/voiceground/app/webroot/index.php(110): Dispatcher->dispatch(Object(CakeRequest), Object(CakeResponse))
#1 {main}
2014-02-12 11:47:25 Error: [MissingControllerException] Controller class JsController could not be found.
Exception Attributes: array (
  'class' => 'JsController',
  'plugin' => NULL,
)
Request URL: /voiceground/js/main.js
Stack Trace:
#0 /Applications/XAMPP/xamppfiles/htdocs/voiceground/app/webroot/index.php(110): Dispatcher->dispatch(Object(CakeRequest), Object(CakeResponse))
#1 {main}
2014-02-12 11:47:33 Error: [MissingControllerException] Controller class JsController could not be found.
Exception Attributes: array (
  'class' => 'JsController',
  'plugin' => NULL,
)
Request URL: /voiceground/js/main.js
Stack Trace:
#0 /Applications/XAMPP/xamppfiles/htdocs/voiceground/app/webroot/index.php(110): Dispatcher->dispatch(Object(CakeRequest), Object(CakeResponse))
#1 {main}
2014-02-12 11:47:52 Error: [MissingControllerException] Controller class JsController could not be found.
Exception Attributes: array (
  'class' => 'JsController',
  'plugin' => NULL,
)
Request URL: /voiceground/js/main.js
Stack Trace:
#0 /Applications/XAMPP/xamppfiles/htdocs/voiceground/app/webroot/index.php(110): Dispatcher->dispatch(Object(CakeRequest), Object(CakeResponse))
#1 {main}
2014-02-12 11:48:15 Error: [MissingControllerException] Controller class JsController could not be found.
Exception Attributes: array (
  'class' => 'JsController',
  'plugin' => NULL,
)
Request URL: /voiceground/js/main.js
Stack Trace:
#0 /Applications/XAMPP/xamppfiles/htdocs/voiceground/app/webroot/index.php(110): Dispatcher->dispatch(Object(CakeRequest), Object(CakeResponse))
#1 {main}
2014-02-12 11:48:27 Error: [MissingControllerException] Controller class JsController could not be found.
Exception Attributes: array (
  'class' => 'JsController',
  'plugin' => NULL,
)
Request URL: /voiceground/js/main.js
Stack Trace:
#0 /Applications/XAMPP/xamppfiles/htdocs/voiceground/app/webroot/index.php(110): Dispatcher->dispatch(Object(CakeRequest), Object(CakeResponse))
#1 {main}
2014-02-12 11:48:40 Error: [MissingControllerException] Controller class JsController could not be found.
Exception Attributes: array (
  'class' => 'JsController',
  'plugin' => NULL,
)
Request URL: /voiceground/js/main.js
Stack Trace:
#0 /Applications/XAMPP/xamppfiles/htdocs/voiceground/app/webroot/index.php(110): Dispatcher->dispatch(Object(CakeRequest), Object(CakeResponse))
#1 {main}
2014-02-12 11:50:10 Error: [MissingControllerException] Controller class JsController could not be found.
Exception Attributes: array (
  'class' => 'JsController',
  'plugin' => NULL,
)
Request URL: /voiceground/js/main.js
Stack Trace:
#0 /Applications/XAMPP/xamppfiles/htdocs/voiceground/app/webroot/index.php(110): Dispatcher->dispatch(Object(CakeRequest), Object(CakeResponse))
#1 {main}
2014-02-12 11:50:24 Error: [MissingControllerException] Controller class JsController could not be found.
Exception Attributes: array (
  'class' => 'JsController',
  'plugin' => NULL,
)
Request URL: /voiceground/js/main.js
Stack Trace:
#0 /Applications/XAMPP/xamppfiles/htdocs/voiceground/app/webroot/index.php(110): Dispatcher->dispatch(Object(CakeRequest), Object(CakeResponse))
#1 {main}
2014-02-12 11:51:12 Error: [MissingControllerException] Controller class JsController could not be found.
Exception Attributes: array (
  'class' => 'JsController',
  'plugin' => NULL,
)
Request URL: /voiceground/js/main.js
Stack Trace:
#0 /Applications/XAMPP/xamppfiles/htdocs/voiceground/app/webroot/index.php(110): Dispatcher->dispatch(Object(CakeRequest), Object(CakeResponse))
#1 {main}
2014-02-12 11:51:15 Error: [MissingControllerException] Controller class JsController could not be found.
Exception Attributes: array (
  'class' => 'JsController',
  'plugin' => NULL,
)
Request URL: /voiceground/js/main.js
Stack Trace:
#0 /Applications/XAMPP/xamppfiles/htdocs/voiceground/app/webroot/index.php(110): Dispatcher->dispatch(Object(CakeRequest), Object(CakeResponse))
#1 {main}
2014-02-12 11:54:44 Error: [MissingControllerException] Controller class JsController could not be found.
Exception Attributes: array (
  'class' => 'JsController',
  'plugin' => NULL,
)
Request URL: /voiceground/js/main.js
Stack Trace:
#0 /Applications/XAMPP/xamppfiles/htdocs/voiceground/app/webroot/index.php(110): Dispatcher->dispatch(Object(CakeRequest), Object(CakeResponse))
#1 {main}
2014-02-12 11:58:47 Error: [MissingControllerException] Controller class JsController could not be found.
Exception Attributes: array (
  'class' => 'JsController',
  'plugin' => NULL,
)
Request URL: /voiceground/js/main.js
Stack Trace:
#0 /Applications/XAMPP/xamppfiles/htdocs/voiceground/app/webroot/index.php(110): Dispatcher->dispatch(Object(CakeRequest), Object(CakeResponse))
#1 {main}
2014-02-12 11:58:58 Error: [MissingControllerException] Controller class JsController could not be found.
Exception Attributes: array (
  'class' => 'JsController',
  'plugin' => NULL,
)
Request URL: /voiceground/js/main.js
Stack Trace:
#0 /Applications/XAMPP/xamppfiles/htdocs/voiceground/app/webroot/index.php(110): Dispatcher->dispatch(Object(CakeRequest), Object(CakeResponse))
#1 {main}
2014-02-12 11:59:09 Error: [MissingControllerException] Controller class JsController could not be found.
Exception Attributes: array (
  'class' => 'JsController',
  'plugin' => NULL,
)
Request URL: /voiceground/js/main.js
Stack Trace:
#0 /Applications/XAMPP/xamppfiles/htdocs/voiceground/app/webroot/index.php(110): Dispatcher->dispatch(Object(CakeRequest), Object(CakeResponse))
#1 {main}
2014-02-12 12:06:04 Error: [MissingControllerException] Controller class JsController could not be found.
Exception Attributes: array (
  'class' => 'JsController',
  'plugin' => NULL,
)
Request URL: /voiceground/js/main.js
Stack Trace:
#0 /Applications/XAMPP/xamppfiles/htdocs/voiceground/app/webroot/index.php(110): Dispatcher->dispatch(Object(CakeRequest), Object(CakeResponse))
#1 {main}
2014-02-12 12:06:05 Error: [MissingControllerException] Controller class JsController could not be found.
Exception Attributes: array (
  'class' => 'JsController',
  'plugin' => NULL,
)
Request URL: /voiceground/js/main.js
Stack Trace:
#0 /Applications/XAMPP/xamppfiles/htdocs/voiceground/app/webroot/index.php(110): Dispatcher->dispatch(Object(CakeRequest), Object(CakeResponse))
#1 {main}
2014-02-12 12:06:47 Error: [MissingControllerException] Controller class JsController could not be found.
Exception Attributes: array (
  'class' => 'JsController',
  'plugin' => NULL,
)
Request URL: /voiceground/js/main.js
Stack Trace:
#0 /Applications/XAMPP/xamppfiles/htdocs/voiceground/app/webroot/index.php(110): Dispatcher->dispatch(Object(CakeRequest), Object(CakeResponse))
#1 {main}
2014-02-12 12:09:10 Error: [MissingControllerException] Controller class JsController could not be found.
Exception Attributes: array (
  'class' => 'JsController',
  'plugin' => NULL,
)
Request URL: /voiceground/js/main.js
Stack Trace:
#0 /Applications/XAMPP/xamppfiles/htdocs/voiceground/app/webroot/index.php(110): Dispatcher->dispatch(Object(CakeRequest), Object(CakeResponse))
#1 {main}
2014-02-12 12:10:06 Error: [MissingControllerException] Controller class JsController could not be found.
Exception Attributes: array (
  'class' => 'JsController',
  'plugin' => NULL,
)
Request URL: /voiceground/js/main.js
Stack Trace:
#0 /Applications/XAMPP/xamppfiles/htdocs/voiceground/app/webroot/index.php(110): Dispatcher->dispatch(Object(CakeRequest), Object(CakeResponse))
#1 {main}
2014-02-12 12:10:17 Error: [MissingControllerException] Controller class JsController could not be found.
Exception Attributes: array (
  'class' => 'JsController',
  'plugin' => NULL,
)
Request URL: /voiceground/js/main.js
Stack Trace:
#0 /Applications/XAMPP/xamppfiles/htdocs/voiceground/app/webroot/index.php(110): Dispatcher->dispatch(Object(CakeRequest), Object(CakeResponse))
#1 {main}
2014-02-12 12:10:33 Error: [MissingControllerException] Controller class JsController could not be found.
Exception Attributes: array (
  'class' => 'JsController',
  'plugin' => NULL,
)
Request URL: /voiceground/js/main.js
Stack Trace:
#0 /Applications/XAMPP/xamppfiles/htdocs/voiceground/app/webroot/index.php(110): Dispatcher->dispatch(Object(CakeRequest), Object(CakeResponse))
#1 {main}
2014-02-12 12:10:52 Error: [MissingControllerException] Controller class JsController could not be found.
Exception Attributes: array (
  'class' => 'JsController',
  'plugin' => NULL,
)
Request URL: /voiceground/js/main.js
Stack Trace:
#0 /Applications/XAMPP/xamppfiles/htdocs/voiceground/app/webroot/index.php(110): Dispatcher->dispatch(Object(CakeRequest), Object(CakeResponse))
#1 {main}
2014-02-12 12:11:31 Error: [MissingControllerException] Controller class JsController could not be found.
Exception Attributes: array (
  'class' => 'JsController',
  'plugin' => NULL,
)
Request URL: /voiceground/js/main.js
Stack Trace:
#0 /Applications/XAMPP/xamppfiles/htdocs/voiceground/app/webroot/index.php(110): Dispatcher->dispatch(Object(CakeRequest), Object(CakeResponse))
#1 {main}
2014-02-12 12:11:53 Error: [MissingControllerException] Controller class JsController could not be found.
Exception Attributes: array (
  'class' => 'JsController',
  'plugin' => NULL,
)
Request URL: /voiceground/js/main.js
Stack Trace:
#0 /Applications/XAMPP/xamppfiles/htdocs/voiceground/app/webroot/index.php(110): Dispatcher->dispatch(Object(CakeRequest), Object(CakeResponse))
#1 {main}
2014-02-12 12:12:00 Error: [MissingControllerException] Controller class JsController could not be found.
Exception Attributes: array (
  'class' => 'JsController',
  'plugin' => NULL,
)
Request URL: /voiceground/js/main.js
Stack Trace:
#0 /Applications/XAMPP/xamppfiles/htdocs/voiceground/app/webroot/index.php(110): Dispatcher->dispatch(Object(CakeRequest), Object(CakeResponse))
#1 {main}
2014-02-12 12:12:11 Error: [MissingControllerException] Controller class JsController could not be found.
Exception Attributes: array (
  'class' => 'JsController',
  'plugin' => NULL,
)
Request URL: /voiceground/js/main.js
Stack Trace:
#0 /Applications/XAMPP/xamppfiles/htdocs/voiceground/app/webroot/index.php(110): Dispatcher->dispatch(Object(CakeRequest), Object(CakeResponse))
#1 {main}
2014-02-12 12:12:23 Error: [MissingControllerException] Controller class JsController could not be found.
Exception Attributes: array (
  'class' => 'JsController',
  'plugin' => NULL,
)
Request URL: /voiceground/js/main.js
Stack Trace:
#0 /Applications/XAMPP/xamppfiles/htdocs/voiceground/app/webroot/index.php(110): Dispatcher->dispatch(Object(CakeRequest), Object(CakeResponse))
#1 {main}
2014-02-12 12:12:29 Error: [MissingControllerException] Controller class JsController could not be found.
Exception Attributes: array (
  'class' => 'JsController',
  'plugin' => NULL,
)
Request URL: /voiceground/js/main.js
Stack Trace:
#0 /Applications/XAMPP/xamppfiles/htdocs/voiceground/app/webroot/index.php(110): Dispatcher->dispatch(Object(CakeRequest), Object(CakeResponse))
#1 {main}
2014-02-12 12:12:34 Error: [MissingControllerException] Controller class JsController could not be found.
Exception Attributes: array (
  'class' => 'JsController',
  'plugin' => NULL,
)
Request URL: /voiceground/js/main.js
Stack Trace:
#0 /Applications/XAMPP/xamppfiles/htdocs/voiceground/app/webroot/index.php(110): Dispatcher->dispatch(Object(CakeRequest), Object(CakeResponse))
#1 {main}
